[DEBUG] 2023-09-11 13:20:06.465 [main] InternalLoggerFactory - Using Log4J2 as the default logging framework
[DEBUG] 2023-09-11 13:20:06.480 [main] ResourceLeakDetector - -Dio.netty.leakDetection.level: simple
[DEBUG] 2023-09-11 13:20:06.481 [main] ResourceLeakDetector - -Dio.netty.leakDetection.targetRecords: 4
[DEBUG] 2023-09-11 13:20:06.487 [main] ResourceLeakDetectorFactory - Loaded default ResourceLeakDetector: io.netty.util.ResourceLeakDetector@1623bbe5
[DEBUG] 2023-09-11 13:20:06.507 [main] PlatformDependent0 - -Dio.netty.noUnsafe: false
[DEBUG] 2023-09-11 13:20:06.507 [main] PlatformDependent0 - Java version: 17
[DEBUG] 2023-09-11 13:20:06.508 [main] PlatformDependent0 - sun.misc.Unsafe.theUnsafe: available
[DEBUG] 2023-09-11 13:20:06.510 [main] PlatformDependent0 - sun.misc.Unsafe.copyMemory: available
[DEBUG] 2023-09-11 13:20:06.510 [main] PlatformDependent0 - sun.misc.Unsafe.storeFence: available
[DEBUG] 2023-09-11 13:20:06.511 [main] PlatformDependent0 - java.nio.Buffer.address: available
[DEBUG] 2023-09-11 13:20:06.511 [main] PlatformDependent0 - direct buffer constructor: unavailable: Reflective setAccessible(true) disabled
[DEBUG] 2023-09-11 13:20:06.512 [main] PlatformDependent0 - java.nio.Bits.unaligned: available, true
[DEBUG] 2023-09-11 13:20:06.513 [main] PlatformDependent0 - jdk.internal.misc.Unsafe.allocateUninitializedArray(int): unavailable: class io.netty.util.internal.PlatformDependent0$7 cannot access class jdk.internal.misc.Unsafe (in module java.base) because module java.base does not export jdk.internal.misc to unnamed module @4b952a2d
[DEBUG] 2023-09-11 13:20:06.514 [main] PlatformDependent0 - java.nio.DirectByteBuffer.<init>(long, {int,long}): unavailable
[DEBUG] 2023-09-11 13:20:06.514 [main] PlatformDependent - sun.misc.Unsafe: available
[DEBUG] 2023-09-11 13:20:06.515 [main] PlatformDependent - maxDirectMemory: 2116026368 bytes (maybe)
[DEBUG] 2023-09-11 13:20:06.515 [main] PlatformDependent - -Dio.netty.tmpdir: C:\Users\shupatil\AppData\Local\Temp (java.io.tmpdir)
[DEBUG] 2023-09-11 13:20:06.515 [main] PlatformDependent - -Dio.netty.bitMode: 64 (sun.arch.data.model)
[DEBUG] 2023-09-11 13:20:06.516 [main] PlatformDependent - Platform: Windows
[DEBUG] 2023-09-11 13:20:06.516 [main] PlatformDependent - -Dio.netty.maxDirectMemory: -1 bytes
[DEBUG] 2023-09-11 13:20:06.516 [main] PlatformDependent - -Dio.netty.uninitializedArrayAllocationThreshold: -1
[DEBUG] 2023-09-11 13:20:06.517 [main] CleanerJava9 - java.nio.ByteBuffer.cleaner(): available
[DEBUG] 2023-09-11 13:20:06.517 [main] PlatformDependent - -Dio.netty.noPreferDirect: false
[DEBUG] 2023-09-11 13:20:06.524 [main] PlatformDependent - org.jctools-core.MpscChunkedArrayQueue: available
[DEBUG] 2023-09-11 13:20:06.542 [main] InternalThreadLocalMap - -Dio.netty.threadLocalMap.stringBuilder.initialSize: 1024
[DEBUG] 2023-09-11 13:20:06.542 [main] InternalThreadLocalMap - -Dio.netty.threadLocalMap.stringBuilder.maxSize: 4096
[DEBUG] 2023-09-11 13:20:06.705 [main] JdkSslContext - Default protocols (JDK): [TLSv1.3, TLSv1.2] 
[DEBUG] 2023-09-11 13:20:06.705 [main] JdkSslContext - Default cipher suites (JDK): [TLS_ECDHE_ECDSA_WITH_AES_256_GCM_SHA384, TLS_ECDHE_ECDSA_WITH_AES_128_GCM_SHA256, TLS_ECDHE_RSA_WITH_AES_128_GCM_SHA256, TLS_ECDHE_RSA_WITH_AES_256_GCM_SHA384, TLS_ECDHE_RSA_WITH_AES_128_CBC_SHA, TLS_ECDHE_RSA_WITH_AES_256_CBC_SHA, TLS_RSA_WITH_AES_128_GCM_SHA256, TLS_RSA_WITH_AES_128_CBC_SHA, TLS_RSA_WITH_AES_256_CBC_SHA, TLS_AES_128_GCM_SHA256, TLS_AES_256_GCM_SHA384]
[DEBUG] 2023-09-11 13:20:06.714 [main] GlobalEventExecutor - -Dio.netty.globalEventExecutor.quietPeriodSeconds: 1
[DEBUG] 2023-09-11 13:20:06.723 [main] MultithreadEventLoopGroup - -Dio.netty.eventLoopThreads: 16
[DEBUG] 2023-09-11 13:20:06.730 [main] NioEventLoop - -Dio.netty.noKeySetOptimization: false
[DEBUG] 2023-09-11 13:20:06.730 [main] NioEventLoop - -Dio.netty.selectorAutoRebuildThreshold: 512
[DEBUG] 2023-09-11 13:20:06.777 [main] PooledByteBufAllocator - -Dio.netty.allocator.numHeapArenas: 16
[DEBUG] 2023-09-11 13:20:06.777 [main] PooledByteBufAllocator - -Dio.netty.allocator.numDirectArenas: 16
[DEBUG] 2023-09-11 13:20:06.777 [main] PooledByteBufAllocator - -Dio.netty.allocator.pageSize: 8192
[DEBUG] 2023-09-11 13:20:06.777 [main] PooledByteBufAllocator - -Dio.netty.allocator.maxOrder: 9
[DEBUG] 2023-09-11 13:20:06.777 [main] PooledByteBufAllocator - -Dio.netty.allocator.chunkSize: 4194304
[DEBUG] 2023-09-11 13:20:06.777 [main] PooledByteBufAllocator - -Dio.netty.allocator.smallCacheSize: 256
[DEBUG] 2023-09-11 13:20:06.777 [main] PooledByteBufAllocator - -Dio.netty.allocator.normalCacheSize: 64
[DEBUG] 2023-09-11 13:20:06.777 [main] PooledByteBufAllocator - -Dio.netty.allocator.maxCachedBufferCapacity: 32768
[DEBUG] 2023-09-11 13:20:06.777 [main] PooledByteBufAllocator - -Dio.netty.allocator.cacheTrimInterval: 8192
[DEBUG] 2023-09-11 13:20:06.777 [main] PooledByteBufAllocator - -Dio.netty.allocator.cacheTrimIntervalMillis: 0
[DEBUG] 2023-09-11 13:20:06.777 [main] PooledByteBufAllocator - -Dio.netty.allocator.useCacheForAllThreads: false
[DEBUG] 2023-09-11 13:20:06.777 [main] PooledByteBufAllocator - -Dio.netty.allocator.maxCachedByteBuffersPerChunk: 1023
[DEBUG] 2023-09-11 13:20:06.786 [main] ByteBufUtil - -Dio.netty.allocator.type: pooled
[DEBUG] 2023-09-11 13:20:06.786 [main] ByteBufUtil - -Dio.netty.threadLocalDirectBufferSize: 0
[DEBUG] 2023-09-11 13:20:06.786 [main] ByteBufUtil - -Dio.netty.maxThreadLocalCharBufferSize: 16384
[DEBUG] 2023-09-11 13:20:07.074 [Forwarding newSession on session null to remote] DefaultChannelId - -Dio.netty.processId: 15300 (auto-detected)
[DEBUG] 2023-09-11 13:20:07.075 [Forwarding newSession on session null to remote] NetUtil - -Djava.net.preferIPv4Stack: false
[DEBUG] 2023-09-11 13:20:07.075 [Forwarding newSession on session null to remote] NetUtil - -Djava.net.preferIPv6Addresses: false
[DEBUG] 2023-09-11 13:20:07.089 [Forwarding newSession on session null to remote] NetUtilInitializations - Loopback interface: lo (Software Loopback Interface 1, 127.0.0.1)
[DEBUG] 2023-09-11 13:20:07.090 [Forwarding newSession on session null to remote] NetUtil - Failed to get SOMAXCONN from sysctl and file \proc\sys\net\core\somaxconn. Default: 200
[DEBUG] 2023-09-11 13:20:07.105 [Forwarding newSession on session null to remote] DefaultChannelId - -Dio.netty.machineId: f8:ac:65:ff:fe:b1:26:9b (auto-detected)
[DEBUG] 2023-09-11 13:20:07.140 [AsyncHttpClient-1-2] AbstractByteBuf - -Dio.netty.buffer.checkAccessible: true
[DEBUG] 2023-09-11 13:20:07.141 [AsyncHttpClient-1-2] AbstractByteBuf - -Dio.netty.buffer.checkBounds: true
[DEBUG] 2023-09-11 13:20:07.141 [AsyncHttpClient-1-2] ResourceLeakDetectorFactory - Loaded default ResourceLeakDetector: io.netty.util.ResourceLeakDetector@61ed3ca3
[DEBUG] 2023-09-11 13:20:07.163 [AsyncHttpClient-1-2] Recycler - -Dio.netty.recycler.maxCapacityPerThread: 4096
[DEBUG] 2023-09-11 13:20:07.163 [AsyncHttpClient-1-2] Recycler - -Dio.netty.recycler.ratio: 8
[DEBUG] 2023-09-11 13:20:07.163 [AsyncHttpClient-1-2] Recycler - -Dio.netty.recycler.chunkSize: 32
[DEBUG] 2023-09-11 13:20:07.163 [AsyncHttpClient-1-2] Recycler - -Dio.netty.recycler.blocking: false
[DEBUG] 2023-09-11 13:20:07.163 [AsyncHttpClient-1-2] Recycler - -Dio.netty.recycler.batchFastThreadLocalOnly: true
[DEBUG] 2023-09-11 13:20:07.884 [AsyncHttpClient-1-2] Brotli - brotli4j not in the classpath; Brotli support will be unavailable.
[DEBUG] 2023-09-11 13:20:08.077 [main] ThreadLocalRandom - -Dio.netty.initialSeedUniquifier: 0xc7e09cf2938715cc
